<?xml version="1.0" encoding="UTF-8" ?>
<testsuite tests="3" failures="0" name="myproject.entity.EmpTest" time="0.121" errors="3" skipped="0">
  <properties>
    <property name="java.runtime.name" value="Java(TM) SE Runtime Environment"/>
    <property name="sun.boot.library.path" value="C:\pleiades\eclipse\jre\jre\bin"/>
    <property name="java.vm.version" value="25.74-b02"/>
    <property name="java.vm.vendor" value="Oracle Corporation"/>
    <property name="maven.multiModuleProjectDirectory" value="C:\code\java7\workspace\myproject"/>
    <property name="java.vendor.url" value="http://java.oracle.com/"/>
    <property name="path.separator" value=";"/>
    <property name="guice.disable.misplaced.annotation.check" value="true"/>
    <property name="java.vm.name" value="Java HotSpot(TM) 64-Bit Server VM"/>
    <property name="file.encoding.pkg" value="sun.io"/>
    <property name="user.script" value=""/>
    <property name="user.country" value="JP"/>
    <property name="sun.java.launcher" value="SUN_STANDARD"/>
    <property name="sun.os.patch.level" value=""/>
    <property name="java.vm.specification.name" value="Java Virtual Machine Specification"/>
    <property name="user.dir" value="C:\code\java7\workspace\myproject"/>
    <property name="java.runtime.version" value="1.8.0_74-b02"/>
    <property name="java.awt.graphicsenv" value="sun.awt.Win32GraphicsEnvironment"/>
    <property name="java.endorsed.dirs" value="C:\pleiades\eclipse\jre\jre\lib\endorsed"/>
    <property name="os.arch" value="amd64"/>
    <property name="java.io.tmpdir" value="C:\Users\fc10m\AppData\Local\Temp\"/>
    <property name="line.separator" value="
"/>
    <property name="java.vm.specification.vendor" value="Oracle Corporation"/>
    <property name="user.variant" value=""/>
    <property name="os.name" value="Windows 10"/>
    <property name="classworlds.conf" value="C:\code\java7\workspace\.metadata\.plugins\org.eclipse.m2e.launching\launches\m2conf533244324978793353.tmp"/>
    <property name="sun.jnu.encoding" value="MS932"/>
    <property name="java.library.path" value="C:\pleiades\eclipse\jre\bin;C:\WINDOWS\Sun\Java\bin;C:\WINDOWS\system32;C:\WINDOWS;C:/pleiades/eclipse/jre/bin/../jre/bin/server;C:/pleiades/eclipse/jre/bin/../jre/bin;C:/pleiades/eclipse/jre/bin/../jre/lib/amd64;C:\app\oracle\client\client_home\bin;C:\app\oracle\product\19.3.0\dbhome_1\bin;C:\Program Files\Python38\Scripts\;C:\Program Files\Python38\;C:\WINDOWS\system32;C:\WINDOWS;C:\WINDOWS\System32\Wbem;C:\WINDOWS\System32\WindowsPowerShell\v1.0\;C:\WINDOWS\System32\OpenSSH\;C:\Program Files (x86)\Streamlink\bin;C:\Program Files (x86)\Nodist\bin;C:\pleiades\java\7\bin;%CATALINA_HOME%\bin;C:\maven\bin;C:\Program Files\MySQL\MySQL Server 5.7\bin;C:\Users\fc10m\scoop\shims;C:\Users\fc10m\AppData\Local\Microsoft\WindowsApps;C:\Users\fc10m\AppData\Local\atom\bin;C:\Users\fc10m\AppData\Local\Microsoft\WindowsApps;C:\Users\fc10m\AppData\Local\Programs\Microsoft VS Code\bin;C:\Users\fc10m\AppData\Local\GitHubDesktop\bin;C:\Program Files\heroku\bin;C:\pleiades\eclipse;;."/>
    <property name="java.specification.name" value="Java Platform API Specification"/>
    <property name="java.class.version" value="52.0"/>
    <property name="sun.management.compiler" value="HotSpot 64-Bit Tiered Compilers"/>
    <property name="os.version" value="10.0"/>
    <property name="user.home" value="C:\Users\fc10m"/>
    <property name="user.timezone" value="Asia/Tokyo"/>
    <property name="java.awt.printerjob" value="sun.awt.windows.WPrinterJob"/>
    <property name="java.specification.version" value="1.8"/>
    <property name="file.encoding" value="UTF-8"/>
    <property name="user.name" value="fc10m"/>
    <property name="java.class.path" value="/C:/pleiades/eclipse/plugins/org.eclipse.m2e.maven.runtime_1.6.2.20150902-0001/jars/plexus-classworlds-2.5.2.jar"/>
    <property name="java.vm.specification.version" value="1.8"/>
    <property name="sun.arch.data.model" value="64"/>
    <property name="java.home" value="C:\pleiades\eclipse\jre\jre"/>
    <property name="sun.java.command" value="org.codehaus.plexus.classworlds.launcher.Launcher -B install"/>
    <property name="java.specification.vendor" value="Oracle Corporation"/>
    <property name="user.language" value="ja"/>
    <property name="awt.toolkit" value="sun.awt.windows.WToolkit"/>
    <property name="java.vm.info" value="mixed mode"/>
    <property name="java.version" value="1.8.0_74"/>
    <property name="java.ext.dirs" value="C:\pleiades\eclipse\jre\jre\lib\ext;C:\WINDOWS\Sun\Java\lib\ext"/>
    <property name="sun.boot.class.path" value="C:\pleiades\eclipse\jre\jre\lib\resources.jar;C:\pleiades\eclipse\jre\jre\lib\rt.jar;C:\pleiades\eclipse\jre\jre\lib\sunrsasign.jar;C:\pleiades\eclipse\jre\jre\lib\jsse.jar;C:\pleiades\eclipse\jre\jre\lib\jce.jar;C:\pleiades\eclipse\jre\jre\lib\charsets.jar;C:\pleiades\eclipse\jre\jre\lib\jfr.jar;C:\pleiades\eclipse\jre\jre\classes"/>
    <property name="java.vendor" value="Oracle Corporation"/>
    <property name="maven.home" value="C:\code\java7\workspace\myproject\EMBEDDED"/>
    <property name="file.separator" value="\"/>
    <property name="java.vendor.url.bug" value="http://bugreport.sun.com/bugreport/"/>
    <property name="sun.cpu.endian" value="little"/>
    <property name="sun.io.unicode.encoding" value="UnicodeLittle"/>
    <property name="sun.desktop" value="windows"/>
    <property name="sun.cpu.isalist" value="amd64"/>
  </properties>
  <testcase classname="myproject.entity.EmpTest" name="testFindById" time="0.037">
    <error message="[ESSR0072]SQLで例外(SQL=[], Message=[Cannot load connection class because of underlying exception: &apos;java.lang.NumberFormatException: For input string: &quot;3904f97c@us-cdbr-east-03.cleardb.com&quot;&apos;. : [For input string: &quot;3904f97c@us-cdbr-east-03.cleardb.com&quot;], ErrorCode=0, SQLState=08001)が発生しました" type="org.seasar.framework.exception.SQLRuntimeException">org.seasar.framework.exception.SQLRuntimeException: [ESSR0072]SQLで例外(SQL=[], Message=[Cannot load connection class because of underlying exception: &apos;java.lang.NumberFormatException: For input string: &quot;3904f97c@us-cdbr-east-03.cleardb.com&quot;&apos;. : [For input string: &quot;3904f97c@us-cdbr-east-03.cleardb.com&quot;], ErrorCode=0, SQLState=08001)が発生しました
	at org.seasar.extension.jdbc.util.DataSourceUtil.getConnection(DataSourceUtil.java:53)
	at org.seasar.extension.jdbc.manager.JdbcManagerImpl.getJdbcContext(JdbcManagerImpl.java:381)
	at org.seasar.extension.jdbc.query.AbstractSelect.getSingleResultInternal(AbstractSelect.java:246)
	at org.seasar.extension.jdbc.query.AbstractSelect.getSingleResult(AbstractSelect.java:182)
	at myproject.entity.EmpTest.testFindById(EmpTest.java:35)
	at sun.reflect.NativeMethodAccessorImpl.invoke0(Native Method)
	at sun.reflect.NativeMethodAccessorImpl.invoke(NativeMethodAccessorImpl.java:62)
	at sun.reflect.DelegatingMethodAccessorImpl.invoke(DelegatingMethodAccessorImpl.java:43)
	at java.lang.reflect.Method.invoke(Method.java:498)
	at junit.framework.TestCase.runTest(TestCase.java:168)
	at org.seasar.framework.unit.S2FrameworkTestCase.doRunTest(S2FrameworkTestCase.java:519)
	at org.seasar.extension.unit.S2TestCase.doRunTest(S2TestCase.java:103)
	at org.seasar.framework.unit.S2FrameworkTestCase.runBare(S2FrameworkTestCase.java:308)
	at junit.framework.TestResult$1.protect(TestResult.java:110)
	at junit.framework.TestResult.runProtected(TestResult.java:128)
	at junit.framework.TestResult.run(TestResult.java:113)
	at junit.framework.TestCase.run(TestCase.java:124)
	at junit.framework.TestSuite.runTest(TestSuite.java:232)
	at junit.framework.TestSuite.run(TestSuite.java:227)
	at org.junit.internal.runners.JUnit38ClassRunner.run(JUnit38ClassRunner.java:81)
	at org.apache.maven.surefire.junit4.JUnit4Provider.execute(JUnit4Provider.java:252)
	at org.apache.maven.surefire.junit4.JUnit4Provider.executeTestSet(JUnit4Provider.java:141)
	at org.apache.maven.surefire.junit4.JUnit4Provider.invoke(JUnit4Provider.java:112)
	at sun.reflect.NativeMethodAccessorImpl.invoke0(Native Method)
	at sun.reflect.NativeMethodAccessorImpl.invoke(NativeMethodAccessorImpl.java:62)
	at sun.reflect.DelegatingMethodAccessorImpl.invoke(DelegatingMethodAccessorImpl.java:43)
	at java.lang.reflect.Method.invoke(Method.java:498)
	at org.apache.maven.surefire.util.ReflectionUtils.invokeMethodWithArray(ReflectionUtils.java:189)
	at org.apache.maven.surefire.booter.ProviderFactory$ProviderProxy.invoke(ProviderFactory.java:165)
	at org.apache.maven.surefire.booter.ProviderFactory.invokeProvider(ProviderFactory.java:85)
	at org.apache.maven.surefire.booter.ForkedBooter.runSuitesInProcess(ForkedBooter.java:115)
	at org.apache.maven.surefire.booter.ForkedBooter.main(ForkedBooter.java:75)
Caused by: com.mysql.jdbc.exceptions.jdbc4.MySQLNonTransientConnectionException: Cannot load connection class because of underlying exception: &apos;java.lang.NumberFormatException: For input string: &quot;3904f97c@us-cdbr-east-03.cleardb.com&quot;&apos;.
	at sun.reflect.NativeConstructorAccessorImpl.newInstance0(Native Method)
	at sun.reflect.NativeConstructorAccessorImpl.newInstance(NativeConstructorAccessorImpl.java:62)
	at sun.reflect.DelegatingConstructorAccessorImpl.newInstance(DelegatingConstructorAccessorImpl.java:45)
	at java.lang.reflect.Constructor.newInstance(Constructor.java:423)
	at com.mysql.jdbc.Util.handleNewInstance(Util.java:404)
	at com.mysql.jdbc.Util.getInstance(Util.java:387)
	at com.mysql.jdbc.SQLError.createSQLException(SQLError.java:917)
	at com.mysql.jdbc.SQLError.createSQLException(SQLError.java:896)
	at com.mysql.jdbc.SQLError.createSQLException(SQLError.java:885)
	at com.mysql.jdbc.SQLError.createSQLException(SQLError.java:860)
	at com.mysql.jdbc.NonRegisteringDriver.connect(NonRegisteringDriver.java:336)
	at java.sql.DriverManager.getConnection(DriverManager.java:664)
	at java.sql.DriverManager.getConnection(DriverManager.java:208)
	at org.seasar.extension.dbcp.impl.XADataSourceImpl.getXAConnection(XADataSourceImpl.java:168)
	at org.seasar.extension.dbcp.impl.XADataSourceImpl.getXAConnection(XADataSourceImpl.java:151)
	at org.seasar.extension.dbcp.impl.ConnectionPoolImpl.createConnection(ConnectionPoolImpl.java:446)
	at org.seasar.extension.dbcp.impl.ConnectionPoolImpl.checkOut(ConnectionPoolImpl.java:366)
	at org.seasar.extension.dbcp.impl.DataSourceImpl.getConnection(DataSourceImpl.java:59)
	at org.seasar.extension.jdbc.util.DataSourceUtil.getConnection(DataSourceUtil.java:51)
	... 31 more
Caused by: java.lang.NumberFormatException: For input string: &quot;3904f97c@us-cdbr-east-03.cleardb.com&quot;
	at java.lang.NumberFormatException.forInputString(NumberFormatException.java:65)
	at java.lang.Integer.parseInt(Integer.java:580)
	at java.lang.Integer.parseInt(Integer.java:615)
	at com.mysql.jdbc.NonRegisteringDriver.port(NonRegisteringDriver.java:823)
	at com.mysql.jdbc.NonRegisteringDriver.connect(NonRegisteringDriver.java:328)
	... 39 more
</error>
    <system-out>DEBUG 2021-03-31 16:42:43,340 [main] ���ϐ�#Env�Ƀt�@�C��(env_ut.txt)����l(ut)���ݒ肳��܂���
DEBUG 2021-03-31 16:42:43,342 [main] S2Container���쐬���܂��Bpath=warmdeploy.dicon
DEBUG 2021-03-31 16:42:43,344 [main] S2Container���쐬���܂��Bpath=convention.dicon
DEBUG 2021-03-31 16:42:43,346 [main] S2Container���쐬���܂����Bpath=convention.dicon
DEBUG 2021-03-31 16:42:43,346 [main] S2Container���쐬���܂��Bpath=customizer.dicon
DEBUG 2021-03-31 16:42:43,348 [main] S2Container���쐬���܂��Bpath=default-customizer.dicon
DEBUG 2021-03-31 16:42:43,350 [main] S2Container���쐬���܂��Bpath=std-customizer.dicon
DEBUG 2021-03-31 16:42:43,352 [main] S2Container���쐬���܂��Bpath=std-customizer-tiger.dicon
DEBUG 2021-03-31 16:42:43,354 [main] S2Container���쐬���܂����Bpath=std-customizer-tiger.dicon
DEBUG 2021-03-31 16:42:43,358 [main] S2Container���쐬���܂����Bpath=std-customizer.dicon
DEBUG 2021-03-31 16:42:43,359 [main] S2Container���쐬���܂����Bpath=default-customizer.dicon
DEBUG 2021-03-31 16:42:43,360 [main] S2Container���쐬���܂����Bpath=customizer.dicon
DEBUG 2021-03-31 16:42:43,360 [main] S2Container���쐬���܂��Bpath=creator.dicon
DEBUG 2021-03-31 16:42:43,363 [main] S2Container���쐬���܂����Bpath=creator.dicon
DEBUG 2021-03-31 16:42:43,364 [main] S2Container���쐬���܂����Bpath=warmdeploy.dicon
DEBUG 2021-03-31 16:42:43,366 [main] S2Container���쐬���܂��Bpath=s2jdbc.dicon
DEBUG 2021-03-31 16:42:43,367 [main] S2Container���쐬���܂��Bpath=jdbc.dicon
DEBUG 2021-03-31 16:42:43,368 [main] S2Container���쐬���܂��Bpath=jta.dicon
DEBUG 2021-03-31 16:42:43,370 [main] S2Container���쐬���܂����Bpath=jta.dicon
DEBUG 2021-03-31 16:42:43,371 [main] S2Container���쐬���܂����Bpath=jdbc.dicon
DEBUG 2021-03-31 16:42:43,372 [main] S2Container���쐬���܂��Bpath=s2jdbc-internal.dicon
DEBUG 2021-03-31 16:42:43,373 [main] S2Container���쐬���܂��Bpath=convention.dicon
DEBUG 2021-03-31 16:42:43,374 [main] S2Container���쐬���܂����Bpath=convention.dicon
DEBUG 2021-03-31 16:42:43,375 [main] S2Container���쐬���܂����Bpath=s2jdbc-internal.dicon
DEBUG 2021-03-31 16:42:43,376 [main] S2Container���쐬���܂����Bpath=s2jdbc.dicon
DEBUG 2021-03-31 16:42:43,383 [main] select T1_.ID as C1_, T1_.EMP_ID as C2_, T1_.NAME as C3_, T1_.AGE as C4_, T1_.GENDER_ID as C5_, T1_.ADDRESS as C6_, T1_.DEPT_ID as C7_ from EMP T1_ where T1_.ID = 1
DEBUG 2021-03-31 16:42:43,386 [main] ���ϐ�#Env�Ƀt�@�C��(env.txt)����l(ct)���ݒ肳��܂���
</system-out>
  </testcase>
  <testcase classname="myproject.entity.EmpTest" name="testLeftOuterJoin_gender" time="0.044">
    <error message="[ESSR0072]SQLで例外(SQL=[], Message=[Cannot load connection class because of underlying exception: &apos;java.lang.NumberFormatException: For input string: &quot;3904f97c@us-cdbr-east-03.cleardb.com&quot;&apos;. : [For input string: &quot;3904f97c@us-cdbr-east-03.cleardb.com&quot;], ErrorCode=0, SQLState=08001)が発生しました" type="org.seasar.framework.exception.SQLRuntimeException">org.seasar.framework.exception.SQLRuntimeException: [ESSR0072]SQLで例外(SQL=[], Message=[Cannot load connection class because of underlying exception: &apos;java.lang.NumberFormatException: For input string: &quot;3904f97c@us-cdbr-east-03.cleardb.com&quot;&apos;. : [For input string: &quot;3904f97c@us-cdbr-east-03.cleardb.com&quot;], ErrorCode=0, SQLState=08001)が発生しました
	at org.seasar.extension.jdbc.util.DataSourceUtil.getConnection(DataSourceUtil.java:53)
	at org.seasar.extension.jdbc.manager.JdbcManagerImpl.getJdbcContext(JdbcManagerImpl.java:381)
	at org.seasar.extension.jdbc.query.AbstractSelect.getSingleResultInternal(AbstractSelect.java:246)
	at org.seasar.extension.jdbc.query.AbstractSelect.getSingleResult(AbstractSelect.java:182)
	at myproject.entity.EmpTest.testLeftOuterJoin_gender(EmpTest.java:44)
	at sun.reflect.NativeMethodAccessorImpl.invoke0(Native Method)
	at sun.reflect.NativeMethodAccessorImpl.invoke(NativeMethodAccessorImpl.java:62)
	at sun.reflect.DelegatingMethodAccessorImpl.invoke(DelegatingMethodAccessorImpl.java:43)
	at java.lang.reflect.Method.invoke(Method.java:498)
	at junit.framework.TestCase.runTest(TestCase.java:168)
	at org.seasar.framework.unit.S2FrameworkTestCase.doRunTest(S2FrameworkTestCase.java:519)
	at org.seasar.extension.unit.S2TestCase.doRunTest(S2TestCase.java:103)
	at org.seasar.framework.unit.S2FrameworkTestCase.runBare(S2FrameworkTestCase.java:308)
	at junit.framework.TestResult$1.protect(TestResult.java:110)
	at junit.framework.TestResult.runProtected(TestResult.java:128)
	at junit.framework.TestResult.run(TestResult.java:113)
	at junit.framework.TestCase.run(TestCase.java:124)
	at junit.framework.TestSuite.runTest(TestSuite.java:232)
	at junit.framework.TestSuite.run(TestSuite.java:227)
	at org.junit.internal.runners.JUnit38ClassRunner.run(JUnit38ClassRunner.java:81)
	at org.apache.maven.surefire.junit4.JUnit4Provider.execute(JUnit4Provider.java:252)
	at org.apache.maven.surefire.junit4.JUnit4Provider.executeTestSet(JUnit4Provider.java:141)
	at org.apache.maven.surefire.junit4.JUnit4Provider.invoke(JUnit4Provider.java:112)
	at sun.reflect.NativeMethodAccessorImpl.invoke0(Native Method)
	at sun.reflect.NativeMethodAccessorImpl.invoke(NativeMethodAccessorImpl.java:62)
	at sun.reflect.DelegatingMethodAccessorImpl.invoke(DelegatingMethodAccessorImpl.java:43)
	at java.lang.reflect.Method.invoke(Method.java:498)
	at org.apache.maven.surefire.util.ReflectionUtils.invokeMethodWithArray(ReflectionUtils.java:189)
	at org.apache.maven.surefire.booter.ProviderFactory$ProviderProxy.invoke(ProviderFactory.java:165)
	at org.apache.maven.surefire.booter.ProviderFactory.invokeProvider(ProviderFactory.java:85)
	at org.apache.maven.surefire.booter.ForkedBooter.runSuitesInProcess(ForkedBooter.java:115)
	at org.apache.maven.surefire.booter.ForkedBooter.main(ForkedBooter.java:75)
Caused by: com.mysql.jdbc.exceptions.jdbc4.MySQLNonTransientConnectionException: Cannot load connection class because of underlying exception: &apos;java.lang.NumberFormatException: For input string: &quot;3904f97c@us-cdbr-east-03.cleardb.com&quot;&apos;.
	at sun.reflect.NativeConstructorAccessorImpl.newInstance0(Native Method)
	at sun.reflect.NativeConstructorAccessorImpl.newInstance(NativeConstructorAccessorImpl.java:62)
	at sun.reflect.DelegatingConstructorAccessorImpl.newInstance(DelegatingConstructorAccessorImpl.java:45)
	at java.lang.reflect.Constructor.newInstance(Constructor.java:423)
	at com.mysql.jdbc.Util.handleNewInstance(Util.java:404)
	at com.mysql.jdbc.Util.getInstance(Util.java:387)
	at com.mysql.jdbc.SQLError.createSQLException(SQLError.java:917)
	at com.mysql.jdbc.SQLError.createSQLException(SQLError.java:896)
	at com.mysql.jdbc.SQLError.createSQLException(SQLError.java:885)
	at com.mysql.jdbc.SQLError.createSQLException(SQLError.java:860)
	at com.mysql.jdbc.NonRegisteringDriver.connect(NonRegisteringDriver.java:336)
	at java.sql.DriverManager.getConnection(DriverManager.java:664)
	at java.sql.DriverManager.getConnection(DriverManager.java:208)
	at org.seasar.extension.dbcp.impl.XADataSourceImpl.getXAConnection(XADataSourceImpl.java:168)
	at org.seasar.extension.dbcp.impl.XADataSourceImpl.getXAConnection(XADataSourceImpl.java:151)
	at org.seasar.extension.dbcp.impl.ConnectionPoolImpl.createConnection(ConnectionPoolImpl.java:446)
	at org.seasar.extension.dbcp.impl.ConnectionPoolImpl.checkOut(ConnectionPoolImpl.java:366)
	at org.seasar.extension.dbcp.impl.DataSourceImpl.getConnection(DataSourceImpl.java:59)
	at org.seasar.extension.jdbc.util.DataSourceUtil.getConnection(DataSourceUtil.java:51)
	... 31 more
Caused by: java.lang.NumberFormatException: For input string: &quot;3904f97c@us-cdbr-east-03.cleardb.com&quot;
	at java.lang.NumberFormatException.forInputString(NumberFormatException.java:65)
	at java.lang.Integer.parseInt(Integer.java:580)
	at java.lang.Integer.parseInt(Integer.java:615)
	at com.mysql.jdbc.NonRegisteringDriver.port(NonRegisteringDriver.java:823)
	at com.mysql.jdbc.NonRegisteringDriver.connect(NonRegisteringDriver.java:328)
	... 39 more
</error>
    <system-out>DEBUG 2021-03-31 16:42:43,387 [main] ���ϐ�#Env�Ƀt�@�C��(env_ut.txt)����l(ut)���ݒ肳��܂���
DEBUG 2021-03-31 16:42:43,389 [main] S2Container���쐬���܂��Bpath=warmdeploy.dicon
DEBUG 2021-03-31 16:42:43,390 [main] S2Container���쐬���܂��Bpath=convention.dicon
DEBUG 2021-03-31 16:42:43,392 [main] S2Container���쐬���܂����Bpath=convention.dicon
DEBUG 2021-03-31 16:42:43,392 [main] S2Container���쐬���܂��Bpath=customizer.dicon
DEBUG 2021-03-31 16:42:43,394 [main] S2Container���쐬���܂��Bpath=default-customizer.dicon
DEBUG 2021-03-31 16:42:43,395 [main] S2Container���쐬���܂��Bpath=std-customizer.dicon
DEBUG 2021-03-31 16:42:43,397 [main] S2Container���쐬���܂��Bpath=std-customizer-tiger.dicon
DEBUG 2021-03-31 16:42:43,399 [main] S2Container���쐬���܂����Bpath=std-customizer-tiger.dicon
DEBUG 2021-03-31 16:42:43,401 [main] S2Container���쐬���܂����Bpath=std-customizer.dicon
DEBUG 2021-03-31 16:42:43,402 [main] S2Container���쐬���܂����Bpath=default-customizer.dicon
DEBUG 2021-03-31 16:42:43,403 [main] S2Container���쐬���܂����Bpath=customizer.dicon
DEBUG 2021-03-31 16:42:43,404 [main] S2Container���쐬���܂��Bpath=creator.dicon
DEBUG 2021-03-31 16:42:43,406 [main] S2Container���쐬���܂����Bpath=creator.dicon
DEBUG 2021-03-31 16:42:43,407 [main] S2Container���쐬���܂����Bpath=warmdeploy.dicon
DEBUG 2021-03-31 16:42:43,409 [main] S2Container���쐬���܂��Bpath=s2jdbc.dicon
DEBUG 2021-03-31 16:42:43,411 [main] S2Container���쐬���܂��Bpath=jdbc.dicon
DEBUG 2021-03-31 16:42:43,412 [main] S2Container���쐬���܂��Bpath=jta.dicon
DEBUG 2021-03-31 16:42:43,413 [main] S2Container���쐬���܂����Bpath=jta.dicon
DEBUG 2021-03-31 16:42:43,415 [main] S2Container���쐬���܂����Bpath=jdbc.dicon
DEBUG 2021-03-31 16:42:43,415 [main] S2Container���쐬���܂��Bpath=s2jdbc-internal.dicon
DEBUG 2021-03-31 16:42:43,416 [main] S2Container���쐬���܂��Bpath=convention.dicon
DEBUG 2021-03-31 16:42:43,418 [main] S2Container���쐬���܂����Bpath=convention.dicon
DEBUG 2021-03-31 16:42:43,418 [main] S2Container���쐬���܂����Bpath=s2jdbc-internal.dicon
DEBUG 2021-03-31 16:42:43,419 [main] S2Container���쐬���܂����Bpath=s2jdbc.dicon
DEBUG 2021-03-31 16:42:43,427 [main] select T1_.ID as C1_, T1_.EMP_ID as C2_, T1_.NAME as C3_, T1_.AGE as C4_, T1_.GENDER_ID as C5_, T1_.ADDRESS as C6_, T1_.DEPT_ID as C7_, T2_.ID as C8_, T2_.GENDER as C9_ from EMP T1_ left outer join GENDER_DB T2_ on T1_.GENDER_ID = T2_.ID where T1_.ID = 1
DEBUG 2021-03-31 16:42:43,430 [main] ���ϐ�#Env�Ƀt�@�C��(env.txt)����l(ct)���ݒ肳��܂���
</system-out>
  </testcase>
  <testcase classname="myproject.entity.EmpTest" name="testLeftOuterJoin_dept" time="0.04">
    <error message="[ESSR0072]SQLで例外(SQL=[], Message=[Cannot load connection class because of underlying exception: &apos;java.lang.NumberFormatException: For input string: &quot;3904f97c@us-cdbr-east-03.cleardb.com&quot;&apos;. : [For input string: &quot;3904f97c@us-cdbr-east-03.cleardb.com&quot;], ErrorCode=0, SQLState=08001)が発生しました" type="org.seasar.framework.exception.SQLRuntimeException">org.seasar.framework.exception.SQLRuntimeException: [ESSR0072]SQLで例外(SQL=[], Message=[Cannot load connection class because of underlying exception: &apos;java.lang.NumberFormatException: For input string: &quot;3904f97c@us-cdbr-east-03.cleardb.com&quot;&apos;. : [For input string: &quot;3904f97c@us-cdbr-east-03.cleardb.com&quot;], ErrorCode=0, SQLState=08001)が発生しました
	at org.seasar.extension.jdbc.util.DataSourceUtil.getConnection(DataSourceUtil.java:53)
	at org.seasar.extension.jdbc.manager.JdbcManagerImpl.getJdbcContext(JdbcManagerImpl.java:381)
	at org.seasar.extension.jdbc.query.AbstractSelect.getSingleResultInternal(AbstractSelect.java:246)
	at org.seasar.extension.jdbc.query.AbstractSelect.getSingleResult(AbstractSelect.java:182)
	at myproject.entity.EmpTest.testLeftOuterJoin_dept(EmpTest.java:53)
	at sun.reflect.NativeMethodAccessorImpl.invoke0(Native Method)
	at sun.reflect.NativeMethodAccessorImpl.invoke(NativeMethodAccessorImpl.java:62)
	at sun.reflect.DelegatingMethodAccessorImpl.invoke(DelegatingMethodAccessorImpl.java:43)
	at java.lang.reflect.Method.invoke(Method.java:498)
	at junit.framework.TestCase.runTest(TestCase.java:168)
	at org.seasar.framework.unit.S2FrameworkTestCase.doRunTest(S2FrameworkTestCase.java:519)
	at org.seasar.extension.unit.S2TestCase.doRunTest(S2TestCase.java:103)
	at org.seasar.framework.unit.S2FrameworkTestCase.runBare(S2FrameworkTestCase.java:308)
	at junit.framework.TestResult$1.protect(TestResult.java:110)
	at junit.framework.TestResult.runProtected(TestResult.java:128)
	at junit.framework.TestResult.run(TestResult.java:113)
	at junit.framework.TestCase.run(TestCase.java:124)
	at junit.framework.TestSuite.runTest(TestSuite.java:232)
	at junit.framework.TestSuite.run(TestSuite.java:227)
	at org.junit.internal.runners.JUnit38ClassRunner.run(JUnit38ClassRunner.java:81)
	at org.apache.maven.surefire.junit4.JUnit4Provider.execute(JUnit4Provider.java:252)
	at org.apache.maven.surefire.junit4.JUnit4Provider.executeTestSet(JUnit4Provider.java:141)
	at org.apache.maven.surefire.junit4.JUnit4Provider.invoke(JUnit4Provider.java:112)
	at sun.reflect.NativeMethodAccessorImpl.invoke0(Native Method)
	at sun.reflect.NativeMethodAccessorImpl.invoke(NativeMethodAccessorImpl.java:62)
	at sun.reflect.DelegatingMethodAccessorImpl.invoke(DelegatingMethodAccessorImpl.java:43)
	at java.lang.reflect.Method.invoke(Method.java:498)
	at org.apache.maven.surefire.util.ReflectionUtils.invokeMethodWithArray(ReflectionUtils.java:189)
	at org.apache.maven.surefire.booter.ProviderFactory$ProviderProxy.invoke(ProviderFactory.java:165)
	at org.apache.maven.surefire.booter.ProviderFactory.invokeProvider(ProviderFactory.java:85)
	at org.apache.maven.surefire.booter.ForkedBooter.runSuitesInProcess(ForkedBooter.java:115)
	at org.apache.maven.surefire.booter.ForkedBooter.main(ForkedBooter.java:75)
Caused by: com.mysql.jdbc.exceptions.jdbc4.MySQLNonTransientConnectionException: Cannot load connection class because of underlying exception: &apos;java.lang.NumberFormatException: For input string: &quot;3904f97c@us-cdbr-east-03.cleardb.com&quot;&apos;.
	at sun.reflect.NativeConstructorAccessorImpl.newInstance0(Native Method)
	at sun.reflect.NativeConstructorAccessorImpl.newInstance(NativeConstructorAccessorImpl.java:62)
	at sun.reflect.DelegatingConstructorAccessorImpl.newInstance(DelegatingConstructorAccessorImpl.java:45)
	at java.lang.reflect.Constructor.newInstance(Constructor.java:423)
	at com.mysql.jdbc.Util.handleNewInstance(Util.java:404)
	at com.mysql.jdbc.Util.getInstance(Util.java:387)
	at com.mysql.jdbc.SQLError.createSQLException(SQLError.java:917)
	at com.mysql.jdbc.SQLError.createSQLException(SQLError.java:896)
	at com.mysql.jdbc.SQLError.createSQLException(SQLError.java:885)
	at com.mysql.jdbc.SQLError.createSQLException(SQLError.java:860)
	at com.mysql.jdbc.NonRegisteringDriver.connect(NonRegisteringDriver.java:336)
	at java.sql.DriverManager.getConnection(DriverManager.java:664)
	at java.sql.DriverManager.getConnection(DriverManager.java:208)
	at org.seasar.extension.dbcp.impl.XADataSourceImpl.getXAConnection(XADataSourceImpl.java:168)
	at org.seasar.extension.dbcp.impl.XADataSourceImpl.getXAConnection(XADataSourceImpl.java:151)
	at org.seasar.extension.dbcp.impl.ConnectionPoolImpl.createConnection(ConnectionPoolImpl.java:446)
	at org.seasar.extension.dbcp.impl.ConnectionPoolImpl.checkOut(ConnectionPoolImpl.java:366)
	at org.seasar.extension.dbcp.impl.DataSourceImpl.getConnection(DataSourceImpl.java:59)
	at org.seasar.extension.jdbc.util.DataSourceUtil.getConnection(DataSourceUtil.java:51)
	... 31 more
Caused by: java.lang.NumberFormatException: For input string: &quot;3904f97c@us-cdbr-east-03.cleardb.com&quot;
	at java.lang.NumberFormatException.forInputString(NumberFormatException.java:65)
	at java.lang.Integer.parseInt(Integer.java:580)
	at java.lang.Integer.parseInt(Integer.java:615)
	at com.mysql.jdbc.NonRegisteringDriver.port(NonRegisteringDriver.java:823)
	at com.mysql.jdbc.NonRegisteringDriver.connect(NonRegisteringDriver.java:328)
	... 39 more
</error>
    <system-out>DEBUG 2021-03-31 16:42:43,431 [main] ���ϐ�#Env�Ƀt�@�C��(env_ut.txt)����l(ut)���ݒ肳��܂���
DEBUG 2021-03-31 16:42:43,433 [main] S2Container���쐬���܂��Bpath=warmdeploy.dicon
DEBUG 2021-03-31 16:42:43,434 [main] S2Container���쐬���܂��Bpath=convention.dicon
DEBUG 2021-03-31 16:42:43,436 [main] S2Container���쐬���܂����Bpath=convention.dicon
DEBUG 2021-03-31 16:42:43,436 [main] S2Container���쐬���܂��Bpath=customizer.dicon
DEBUG 2021-03-31 16:42:43,438 [main] S2Container���쐬���܂��Bpath=default-customizer.dicon
DEBUG 2021-03-31 16:42:43,439 [main] S2Container���쐬���܂��Bpath=std-customizer.dicon
DEBUG 2021-03-31 16:42:43,441 [main] S2Container���쐬���܂��Bpath=std-customizer-tiger.dicon
DEBUG 2021-03-31 16:42:43,442 [main] S2Container���쐬���܂����Bpath=std-customizer-tiger.dicon
DEBUG 2021-03-31 16:42:43,445 [main] S2Container���쐬���܂����Bpath=std-customizer.dicon
DEBUG 2021-03-31 16:42:43,446 [main] S2Container���쐬���܂����Bpath=default-customizer.dicon
DEBUG 2021-03-31 16:42:43,446 [main] S2Container���쐬���܂����Bpath=customizer.dicon
DEBUG 2021-03-31 16:42:43,446 [main] S2Container���쐬���܂��Bpath=creator.dicon
DEBUG 2021-03-31 16:42:43,449 [main] S2Container���쐬���܂����Bpath=creator.dicon
DEBUG 2021-03-31 16:42:43,450 [main] S2Container���쐬���܂����Bpath=warmdeploy.dicon
DEBUG 2021-03-31 16:42:43,452 [main] S2Container���쐬���܂��Bpath=s2jdbc.dicon
DEBUG 2021-03-31 16:42:43,453 [main] S2Container���쐬���܂��Bpath=jdbc.dicon
DEBUG 2021-03-31 16:42:43,454 [main] S2Container���쐬���܂��Bpath=jta.dicon
DEBUG 2021-03-31 16:42:43,456 [main] S2Container���쐬���܂����Bpath=jta.dicon
DEBUG 2021-03-31 16:42:43,457 [main] S2Container���쐬���܂����Bpath=jdbc.dicon
DEBUG 2021-03-31 16:42:43,457 [main] S2Container���쐬���܂��Bpath=s2jdbc-internal.dicon
DEBUG 2021-03-31 16:42:43,459 [main] S2Container���쐬���܂��Bpath=convention.dicon
DEBUG 2021-03-31 16:42:43,460 [main] S2Container���쐬���܂����Bpath=convention.dicon
DEBUG 2021-03-31 16:42:43,461 [main] S2Container���쐬���܂����Bpath=s2jdbc-internal.dicon
DEBUG 2021-03-31 16:42:43,461 [main] S2Container���쐬���܂����Bpath=s2jdbc.dicon
DEBUG 2021-03-31 16:42:43,468 [main] select T1_.ID as C1_, T1_.EMP_ID as C2_, T1_.NAME as C3_, T1_.AGE as C4_, T1_.GENDER_ID as C5_, T1_.ADDRESS as C6_, T1_.DEPT_ID as C7_, T2_.ID as C8_, T2_.DEPT_ID as C9_, T2_.DEPT_NAME as C10_ from EMP T1_ left outer join DEPT T2_ on T1_.DEPT_ID = T2_.ID where T1_.ID = 1
DEBUG 2021-03-31 16:42:43,470 [main] ���ϐ�#Env�Ƀt�@�C��(env.txt)����l(ct)���ݒ肳��܂���
</system-out>
  </testcase>
</testsuite>